<?xml version="1.0" encoding="UTF-8"?>
<testng-results skipped="0" failed="0" ignored="0" total="1" passed="1">
  <reporter-output>
  </reporter-output>
  <suite name="Default suite" duration-ms="28028" started-at="2019-09-19T11:09:53Z" finished-at="2019-09-19T11:10:21Z">
    <groups>
    </groups>
    <test name="Default test" duration-ms="28028" started-at="2019-09-19T11:09:53Z" finished-at="2019-09-19T11:10:21Z">
      <class name="Day2.WebDriver_Demo2">
        <test-method status="PASS" signature="f()[pri:0, instance:Day2.WebDriver_Demo2@4439f31e]" name="f" duration-ms="27990" started-at="2019-09-19T11:09:53Z" finished-at="2019-09-19T11:10:21Z">
          <reporter-output>
          </reporter-output>
        </test-method> <!-- f -->
      </class> <!-- Day2.WebDriver_Demo2 -->
    </test> <!-- Default test -->
  </suite> <!-- Default suite -->
</testng-results>
